<?xml version="1.0" encoding="UTF-8"?>
<!-- Generated by org.testng.reporters.JUnitReportReporter -->
<testsuite hostname="LAPTOP-HN6K2MPQ" failures="0" tests="2" name="dataprovider.lowestprice" time="74.898" errors="0" timestamp="2023-10-18T17:01:50 IST" skipped="0">
  <testcase classname="dataprovider.lowestprice" name="pricelow" time="38.892"/>
  <testcase classname="dataprovider.lowestprice" name="select" time="36.006"/>
</testsuite> <!-- dataprovider.lowestprice -->
