<?xml version="1.0" encoding="UTF-8"?>
<!-- Generated by org.testng.reporters.JUnitReportReporter -->
<testsuite hostname="LAPTOP-HN6K2MPQ" failures="0" tests="2" name="dataprovider.screenshot" time="29.043" errors="0" timestamp="2023-10-18T15:12:44 IST" skipped="0">
  <testcase classname="dataprovider.screenshot" name="screenshots" time="14.604"/>
  <testcase classname="dataprovider.screenshot" name="screenshotdemo" time="14.439"/>
</testsuite> <!-- dataprovider.screenshot -->
