<?xml version="1.0" encoding="UTF-8"?>
<!-- Generated by org.testng.reporters.JUnitReportReporter -->
<testsuite hostname="LAPTOP-HN6K2MPQ" failures="0" tests="2" name="dataprovider.partialscreen" time="17.872" errors="0" timestamp="2023-10-18T16:28:04 IST" skipped="0">
  <testcase classname="dataprovider.partialscreen" name="partial" time="9.063"/>
  <testcase classname="dataprovider.partialscreen" name="demologin" time="8.809"/>
</testsuite> <!-- dataprovider.partialscreen -->
