<?xml version="1.0" encoding="UTF-8"?>
<!-- Generated by org.testng.reporters.JUnitReportReporter -->
<testsuite hostname="LAPTOP-HN6K2MPQ" failures="0" tests="2" name="hospitalsolver.hospitalloginpg" time="25.369" errors="0" timestamp="2023-11-04T11:06:16 IST" skipped="0">
  <testcase classname="hospitalsolver.hospitalloginpg" name="landingpage" time="24.367"/>
  <testcase classname="hospitalsolver.hospitalloginpg" name="loginpage" time="1.002"/>
</testsuite> <!-- hospitalsolver.hospitalloginpg -->
