<?xml version="1.0" encoding="UTF-8"?>
<!-- Generated by org.testng.reporters.JUnitReportReporter -->
<testsuite hostname="LAPTOP-HN6K2MPQ" failures="0" tests="2" name="bookingdemo.dataproviders" time="0.012" errors="0" timestamp="2023-10-11T10:00:39 IST" skipped="0">
  <testcase classname="bookingdemo.dataproviders" name="method" time="0.003"/>
  <testcase classname="bookingdemo.dataproviders" name="method" time="0.009"/>
</testsuite> <!-- bookingdemo.dataproviders -->
