<?xml version="1.0" encoding="UTF-8"?>
<!-- Generated by org.testng.reporters.JUnitReportReporter -->
<testsuite hostname="LAPTOP-HN6K2MPQ" failures="0" tests="1" name="testcases.purerootslogin" time="21.529" errors="0" timestamp="2023-10-16T14:19:55 IST" skipped="0">
  <testcase classname="testcases.purerootslogin" name="test" time="21.529"/>
</testsuite> <!-- testcases.purerootslogin -->
