<?xml version="1.0" encoding="UTF-8"?>
<!-- Generated by org.testng.reporters.JUnitReportReporter -->
<testsuite hostname="LAPTOP-HN6K2MPQ" failures="0" tests="1" name="extentreportnew.testreports" time="4.513" errors="0" timestamp="2023-10-19T19:41:38 IST" skipped="0">
  <testcase classname="extentreportnew.testreports" name="reportsdemo" time="4.513"/>
</testsuite> <!-- extentreportnew.testreports -->
