<?xml version="1.0" encoding="UTF-8"?>
<!-- Generated by org.testng.reporters.JUnitReportReporter -->
<testsuite hostname="LAPTOP-HN6K2MPQ" failures="0" tests="1" name="extentreportnew.attachextentreports" time="4.909" errors="0" timestamp="2023-11-10T20:55:47 IST" skipped="0">
  <testcase classname="extentreportnew.attachextentreports" name="extent" time="4.909"/>
</testsuite> <!-- extentreportnew.attachextentreports -->
