<?xml version="1.0" encoding="UTF-8"?>
<!-- Generated by org.testng.reporters.JUnitReportReporter -->
<testsuite hostname="LAPTOP-HN6K2MPQ" failures="0" tests="1" name="evenorodd.demoeven" time="0.011" errors="0" timestamp="2023-10-07T15:00:55 IST" skipped="0">
  <testcase classname="evenorodd.demoeven" name="even" time="0.011"/>
</testsuite> <!-- evenorodd.demoeven -->
