<?xml version="1.0" encoding="UTF-8"?>
<!-- Generated by org.testng.reporters.JUnitReportReporter -->
<testsuite hostname="LAPTOP-HN6K2MPQ" failures="0" tests="1" name="democart.democartbuy" time="5.286" errors="0" timestamp="2023-10-19T10:44:32 IST" skipped="0">
  <testcase classname="democart.democartbuy" name="account" time="5.286"/>
</testsuite> <!-- democart.democartbuy -->
