<?xml version="1.0" encoding="UTF-8"?>
<!-- Generated by org.testng.reporters.JUnitReportReporter -->
<testsuite hostname="LAPTOP-HN6K2MPQ" failures="0" tests="1" name="democart.partialscreen" time="5.735" errors="0" timestamp="2023-10-19T14:31:01 IST" skipped="0">
  <testcase classname="democart.partialscreen" name="screendemo" time="5.735"/>
</testsuite> <!-- democart.partialscreen -->
