<?xml version="1.0" encoding="UTF-8"?>
<!-- Generated by org.testng.reporters.JUnitReportReporter -->
<testsuite hostname="LAPTOP-HN6K2MPQ" failures="0" tests="1" name="alertdemo.extentreports" time="6.460" errors="0" timestamp="2023-10-19T19:43:14 IST" skipped="0">
  <testcase classname="alertdemo.extentreports" name="reportsdemo" time="6.460"/>
</testsuite> <!-- alertdemo.extentreports -->
