<?xml version="1.0" encoding="UTF-8"?>
<!-- Generated by org.testng.reporters.JUnitReportReporter -->
<testsuite hostname="LAPTOP-HN6K2MPQ" failures="0" tests="2" name="democart.login" time="0.011" errors="0" timestamp="2023-10-19T13:58:30 IST" skipped="0">
  <testcase classname="democart.login" name="logindata" time="0.002"/>
  <testcase classname="democart.login" name="logindata" time="0.009"/>
</testsuite> <!-- democart.login -->
