<?xml version="1.0" encoding="UTF-8"?>
<!-- Generated by org.testng.reporters.JUnitReportReporter -->
<testsuite hostname="LAPTOP-HN6K2MPQ" failures="0" tests="1" name="democart.amazon" time="11.207" errors="0" timestamp="2023-10-19T16:07:43 IST" skipped="0">
  <testcase classname="democart.amazon" name="highest" time="11.207"/>
</testsuite> <!-- democart.amazon -->
