<?xml version="1.0" encoding="UTF-8"?>
<!-- Generated by org.testng.reporters.JUnitReportReporter -->
<testsuite hostname="LAPTOP-HN6K2MPQ" failures="0" tests="3" name="alertdemo.testngannotations" time="0.009" errors="0" timestamp="2023-10-20T18:02:22 IST" skipped="0">
  <testcase classname="alertdemo.testngannotations" name="method5" time="0.002"/>
  <testcase classname="alertdemo.testngannotations" name="method3" time="0.005"/>
  <testcase classname="alertdemo.testngannotations" name="method4" time="0.002"/>
</testsuite> <!-- alertdemo.testngannotations -->
