<?xml version="1.0" encoding="UTF-8"?>
<!-- Generated by org.testng.reporters.JUnitReportReporter -->
<testsuite hostname="LAPTOP-HN6K2MPQ" failures="0" tests="1" name="alertdemo.excelfiledemo" time="0.203" errors="0" timestamp="2023-10-19T10:09:49 IST" skipped="0">
  <testcase classname="alertdemo.excelfiledemo" name="uploadexcel" time="0.203"/>
</testsuite> <!-- alertdemo.excelfiledemo -->
