<?xml version="1.0" encoding="UTF-8"?>
<!-- Generated by org.testng.reporters.JUnitReportReporter -->
<testsuite hostname="LAPTOP-HN6K2MPQ" failures="0" tests="1" name="democart.alibaba" time="118.090" errors="0" timestamp="2023-10-19T15:12:01 IST" skipped="0">
  <testcase classname="democart.alibaba" name="highest" time="118.090"/>
</testsuite> <!-- democart.alibaba -->
