<?xml version="1.0" encoding="UTF-8"?>
<!-- Generated by org.testng.reporters.JUnitReportReporter -->
<testsuite hostname="LAPTOP-HN6K2MPQ" failures="0" tests="1" name="countstring.logindemo" time="3.983" errors="0" timestamp="2023-10-18T10:09:40 IST" skipped="0">
  <testcase classname="countstring.logindemo" name="demosauce" time="3.983"/>
</testsuite> <!-- countstring.logindemo -->
