<?xml version="1.0" encoding="UTF-8"?>
<!-- Generated by org.testng.reporters.JUnitReportReporter -->
<testsuite hostname="LAPTOP-HN6K2MPQ" failures="0" tests="2" name="countstring.dataprovider" time="0.010" errors="0" timestamp="2023-10-11T10:15:31 IST" skipped="0">
  <testcase classname="countstring.dataprovider" name="method" time="0.003"/>
  <testcase classname="countstring.dataprovider" name="method" time="0.007"/>
</testsuite> <!-- countstring.dataprovider -->
