<?xml version="1.0" encoding="UTF-8"?>
<!-- Generated by org.testng.reporters.JUnitReportReporter -->
<testsuite hostname="LAPTOP-HN6K2MPQ" failures="0" tests="3" name="testcases.testcaseshighest" time="5.928" errors="0" timestamp="2023-10-25T10:05:45 IST" skipped="0">
  <testcase classname="testcases.testcaseshighest" name="landpage" time="5.920"/>
  <testcase classname="testcases.testcaseshighest" name="search" time="0.005"/>
  <testcase classname="testcases.testcaseshighest" name="select" time="0.003"/>
</testsuite> <!-- testcases.testcaseshighest -->
