<?xml version="1.0" encoding="UTF-8"?>
<!-- Generated by org.testng.reporters.JUnitReportReporter -->
<testsuite hostname="LAPTOP-HN6K2MPQ" failures="0" tests="3" name="amazonselectdemo.selecthighest" time="7.110" errors="0" timestamp="2023-10-25T09:58:24 IST" skipped="0">
  <testcase classname="amazonselectdemo.selecthighest" name="landpage" time="4.612"/>
  <testcase classname="amazonselectdemo.selecthighest" name="searchpdt" time="2.201"/>
  <testcase classname="amazonselectdemo.selecthighest" name="selectpdt" time="0.297"/>
</testsuite> <!-- amazonselectdemo.selecthighest -->
