<?xml version="1.0" encoding="UTF-8"?>
<!-- Generated by org.testng.reporters.JUnitReportReporter -->
<testsuite hostname="LAPTOP-HN6K2MPQ" failures="0" tests="2" name="newlink.newlinkdemo" time="9.251" errors="0" timestamp="2023-10-13T11:17:18 IST" skipped="0">
  <testcase classname="newlink.newlinkdemo" name="searchbox" time="4.274"/>
  <testcase classname="newlink.newlinkdemo" name="newlink" time="4.977"/>
</testsuite> <!-- newlink.newlinkdemo -->
