<?xml version="1.0" encoding="UTF-8"?>
<!-- Generated by org.testng.reporters.JUnitReportReporter -->
<testsuite hostname="LAPTOP-HN6K2MPQ" failures="0" tests="1" name="practicesites.brokenlinks" time="9.973" errors="0" timestamp="2023-10-26T17:32:10 IST" skipped="0">
  <testcase classname="practicesites.brokenlinks" name="links" time="9.973"/>
</testsuite> <!-- practicesites.brokenlinks -->
