<?xml version="1.0" encoding="UTF-8"?>
<!-- Generated by org.testng.reporters.JUnitReportReporter -->
<testsuite hostname="LAPTOP-HN6K2MPQ" failures="0" tests="1" name="practicesites.extentreports" time="7.865" errors="0" timestamp="2023-10-25T15:27:26 IST" skipped="0">
  <testcase classname="practicesites.extentreports" name="landpage" time="7.865"/>
</testsuite> <!-- practicesites.extentreports -->
