<?xml version="1.0" encoding="UTF-8"?>
<!-- Generated by org.testng.reporters.JUnitReportReporter -->
<testsuite hostname="LAPTOP-HN6K2MPQ" failures="0" tests="1" name="practicesites.excelfileapache" time="0.473" errors="0" timestamp="2023-10-26T16:09:36 IST" skipped="0">
  <testcase classname="practicesites.excelfileapache" name="excelfile" time="0.473"/>
</testsuite> <!-- practicesites.excelfileapache -->
