<?xml version="1.0" encoding="UTF-8"?>
<!-- Generated by org.testng.reporters.JUnitReportReporter -->
<testsuite hostname="LAPTOP-HN6K2MPQ" failures="0" tests="2" name="practicesites.popups" time="10.313" errors="0" timestamp="2023-10-25T18:41:04 IST" skipped="0">
  <testcase classname="practicesites.popups" name="frames" time="10.191"/>
  <testcase classname="practicesites.popups" name="frameswitch" time="0.122"/>
</testsuite> <!-- practicesites.popups -->
