<?xml version="1.0" encoding="UTF-8"?>
<!-- Generated by org.testng.reporters.JUnitReportReporter -->
<testsuite hostname="LAPTOP-HN6K2MPQ" failures="0" tests="2" name="practicesites.newwindow" time="19.525" errors="0" timestamp="2023-10-25T19:22:31 IST" skipped="0">
  <testcase classname="practicesites.newwindow" name="windowhandles" time="19.337"/>
  <testcase classname="practicesites.newwindow" name="window" time="0.188"/>
</testsuite> <!-- practicesites.newwindow -->
