<?xml version="1.0" encoding="UTF-8"?>
<!-- Generated by org.testng.reporters.JUnitReportReporter -->
<testsuite hostname="LAPTOP-HN6K2MPQ" failures="0" tests="2" name="practicesites.fileupload" time="7.765" errors="0" timestamp="2023-10-26T15:00:00 IST" skipped="0">
  <testcase classname="practicesites.fileupload" name="upload" time="7.599"/>
  <testcase classname="practicesites.fileupload" name="uploadbtn" time="0.166"/>
</testsuite> <!-- practicesites.fileupload -->
