<?xml version="1.0" encoding="UTF-8"?>
<!-- Generated by org.testng.reporters.JUnitReportReporter -->
<testsuite hostname="LAPTOP-HN6K2MPQ" failures="0" tests="1" name="practicesites.takescreenshot" time="7.712" errors="0" timestamp="2023-10-26T16:28:12 IST" skipped="0">
  <testcase classname="practicesites.takescreenshot" name="screenshot" time="7.712"/>
</testsuite> <!-- practicesites.takescreenshot -->
