<?xml version="1.0" encoding="UTF-8"?>
<!-- Generated by org.testng.reporters.JUnitReportReporter -->
<testsuite hostname="LAPTOP-HN6K2MPQ" failures="0" tests="2" name="practicesites.assignement" time="25.428" errors="0" timestamp="2023-10-25T11:36:07 IST" skipped="0">
  <testcase classname="practicesites.assignement" name="techhub" time="12.714"/>
  <testcase classname="practicesites.assignement" name="facebook" time="12.714"/>
</testsuite> <!-- practicesites.assignement -->
