<?xml version="1.0" encoding="UTF-8"?>
<!-- Generated by org.testng.reporters.JUnitReportReporter -->
<testsuite hostname="LAPTOP-HN6K2MPQ" failures="0" tests="2" name="practicesites.framesdemo" time="6.876" errors="0" timestamp="2023-10-26T14:39:37 IST" skipped="0">
  <testcase classname="practicesites.framesdemo" name="frames" time="6.797"/>
  <testcase classname="practicesites.framesdemo" name="switchframe" time="0.079"/>
</testsuite> <!-- practicesites.framesdemo -->
